<?xml version="1.0" encoding="UTF-8"?>
<!-- Generated by org.testng.reporters.JUnitReportReporter -->
<testsuite hostname="DESKTOP-GA3FTFK" failures="0" tests="1" name="sampleproj.sampleproj.TestClass" time="14.037" errors="0" timestamp="2023-06-09T09:31:59 IST" skipped="0">
  <testcase classname="sampleproj.sampleproj.TestClass" name="test1" time="14.037"/>
</testsuite> <!-- sampleproj.sampleproj.TestClass -->
