<?xml version="1.0" encoding="UTF-8"?>
<!-- Generated by org.testng.reporters.JUnitReportReporter -->
<testsuite hostname="DESKTOP-GA3FTFK" failures="0" tests="1" name="sampleproj.sampleproj.TestClass3" time="15.993" errors="0" timestamp="2023-06-09T09:21:09 IST" skipped="0">
  <testcase classname="sampleproj.sampleproj.TestClass3" name="test1" time="15.993"/>
</testsuite> <!-- sampleproj.sampleproj.TestClass3 -->
