<?xml version="1.0" encoding="UTF-8"?>
<!-- Generated by org.testng.reporters.JUnitReportReporter -->
<testsuite hostname="DESKTOP-GA3FTFK" failures="0" tests="2" name="GridTest.GridTestClass" time="14.519" errors="0" timestamp="2023-06-11T09:53:04 IST" skipped="0">
  <testcase classname="GridTest.GridTestClass" name="test" time="8.658"/>
  <testcase classname="GridTest.GridTestClass" name="test1" time="5.861"/>
</testsuite> <!-- GridTest.GridTestClass -->
