<?xml version="1.0" encoding="UTF-8"?>
<!-- Generated by org.testng.reporters.JUnitReportReporter -->
<testsuite hostname="DESKTOP-GA3FTFK" failures="0" tests="1" name="sampleproj.sampleproj.LoginTest" time="45.811" errors="0" timestamp="2023-06-16T10:34:08 IST" skipped="0">
  <testcase classname="sampleproj.sampleproj.LoginTest" name="testDb" time="45.811"/>
</testsuite> <!-- sampleproj.sampleproj.LoginTest -->
