<?xml version="1.0" encoding="UTF-8"?>
<!-- Generated by org.testng.reporters.JUnitReportReporter -->
<testsuite hostname="DESKTOP-GA3FTFK" failures="0" tests="1" name="sampleproj.sampleproj.GridEdgeExample" time="24.441" errors="0" timestamp="2023-06-12T09:57:01 IST" skipped="0">
  <testcase classname="sampleproj.sampleproj.GridEdgeExample" name="edgetest" time="24.441"/>
</testsuite> <!-- sampleproj.sampleproj.GridEdgeExample -->
