<?xml version="1.0" encoding="UTF-8"?>
<!-- Generated by org.testng.reporters.JUnitReportReporter -->
<testsuite hostname="DESKTOP-GA3FTFK" failures="0" tests="1" name="sampleproj.sampleproj.GridChromeExample" time="26.363" errors="0" timestamp="2023-06-12T09:57:01 IST" skipped="0">
  <testcase classname="sampleproj.sampleproj.GridChromeExample" name="chrometest" time="26.363"/>
</testsuite> <!-- sampleproj.sampleproj.GridChromeExample -->
