<?xml version="1.0" encoding="UTF-8"?>
<!-- Generated by org.testng.reporters.JUnitReportReporter -->
<testsuite hostname="DESKTOP-GA3FTFK" failures="0" tests="1" name="sampleproj.sampleproj.GridFirefoxExample" time="26.114" errors="0" timestamp="2023-06-12T09:57:01 IST" skipped="0">
  <testcase classname="sampleproj.sampleproj.GridFirefoxExample" name="firefoxtest" time="26.114"/>
</testsuite> <!-- sampleproj.sampleproj.GridFirefoxExample -->
