<?xml version="1.0" encoding="UTF-8"?>
<!-- Generated by org.testng.reporters.JUnitReportReporter -->
<testsuite hostname="DESKTOP-GA3FTFK" failures="0" tests="2" name="GridTest.GridTestClass2" time="21.012" errors="0" timestamp="2023-06-11T09:53:04 IST" skipped="0">
  <testcase classname="GridTest.GridTestClass2" name="test1" time="11.163"/>
  <testcase classname="GridTest.GridTestClass2" name="test" time="9.849"/>
</testsuite> <!-- GridTest.GridTestClass2 -->
