<?xml version="1.0" encoding="UTF-8"?>
<!-- Generated by org.testng.reporters.JUnitReportReporter -->
<testsuite hostname="DESKTOP-GA3FTFK" failures="0" tests="2" name="sampleproj.sampleproj.TestClass2" time="27.027" errors="0" timestamp="2023-06-09T09:39:24 IST" skipped="0">
  <testcase classname="sampleproj.sampleproj.TestClass2" name="test1" time="14.657"/>
  <testcase classname="sampleproj.sampleproj.TestClass2" name="test1" time="12.370"/>
</testsuite> <!-- sampleproj.sampleproj.TestClass2 -->
